<?xml version="1.0" encoding="utf-8"?><testsuites name="pytest tests"><testsuite name="pytest" errors="0" failures="0" skipped="0" tests="19" time="0.886" timestamp="2026-05-02T00:40:42.462974+00:00" hostname="agent-env-b425c1c5-e68d-40b1-a165-ef37189a212b"><testcase classname="backend.tests.backend_test.TestHealth" name="test_health" time="0.004" /><testcase classname="backend.tests.backend_test.TestPublicContent" name="test_site" time="0.003" /><testcase classname="backend.tests.backend_test.TestPublicContent" name="test_projects_12" time="0.002" /><testcase classname="backend.tests.backend_test.TestPublicContent" name="test_experience_4" time="0.002" /><testcase classname="backend.tests.backend_test.TestPublicContent" name="test_education_3" time="0.002" /><testcase classname="backend.tests.backend_test.TestPublicContent" name="test_skills_6" time="0.002" /><testcase classname="backend.tests.backend_test.TestContact" name="test_submit_contact" time="0.241" /><testcase classname="backend.tests.backend_test.TestContact" name="test_contact_invalid_email" time="0.003" /><testcase classname="backend.tests.backend_test.TestAuth" name="test_login_success" time="0.230" /><testcase classname="backend.tests.backend_test.TestAuth" name="test_login_wrong_password" time="0.232" /><testcase classname="backend.tests.backend_test.TestAuth" name="test_me_with_token" time="0.003" /><testcase classname="backend.tests.backend_test.TestAuth" name="test_me_without_token" time="0.001" /><testcase classname="backend.tests.backend_test.TestAdminProtection" name="test_put_site_unauth" time="0.001" /><testcase classname="backend.tests.backend_test.TestAdminProtection" name="test_create_project_unauth" time="0.001" /><testcase classname="backend.tests.backend_test.TestAdminProtection" name="test_messages_unauth" time="0.006" /><testcase classname="backend.tests.backend_test.TestAdminProjectsCRUD" name="test_create_update_delete_project" time="0.014" /><testcase classname="backend.tests.backend_test.TestAdminSiteUpdate" name="test_update_site" time="0.010" /><testcase classname="backend.tests.backend_test.TestAdminSkillsUpdate" name="test_update_skills" time="0.008" /><testcase classname="backend.tests.backend_test.TestAdminMessagesCRUD" name="test_messages_lifecycle" time="0.010" /></testsuite></testsuites>